{"F:\\Learning_code\\09_高阶框架&技术\\Jest\\index.js": {"path":"F:\\Learning_code\\09_高阶框架&技术\\Jest\\index.js","statementMap":{"0":{"start":{"line":2,"column":2},"end":{"line":2,"column":39}},"1":{"start":{"line":5,"column":2},"end":{"line":5,"column":40}},"2":{"start":{"line":8,"column":0},"end":{"line":10,"column":1}}},"fnMap":{"0":{"name":"baojian1","decl":{"start":{"line":1,"column":9},"end":{"line":1,"column":17}},"loc":{"start":{"line":1,"column":25},"end":{"line":3,"column":1}},"line":1},"1":{"name":"baojian2","decl":{"start":{"line":4,"column":9},"end":{"line":4,"column":17}},"loc":{"start":{"line":4,"column":25},"end":{"line":6,"column":1}},"line":4}},"branchMap":{"0":{"loc":{"start":{"line":2,"column":9},"end":{"line":2,"column":39}},"type":"cond-expr","locations":[{"start":{"line":2,"column":24},"end":{"line":2,"column":30}},{"start":{"line":2,"column":33},"end":{"line":2,"column":39}}],"line":2},"1":{"loc":{"start":{"line":5,"column":9},"end":{"line":5,"column":40}},"type":"cond-expr","locations":[{"start":{"line":5,"column":25},"end":{"line":5,"column":31}},{"start":{"line":5,"column":34},"end":{"line":5,"column":40}}],"line":5}},"s":{"0":1,"1":1,"2":1},"f":{"0":1,"1":1},"b":{"0":[1,0],"1":[1,0]},"_coverageSchema":"1a1c01bbd47fc00a2c39e90264f33305004495a9","hash":"e9df4a7025371387ec0fc9a7b718c3318dff3cb7"}
}
